[2022-08-25T13:05:37.492000+00:00] name-debug.WARNING: name-debug-warning-host {"server":"localhost"} []
[2022-08-25T13:05:37.493778+00:00] name-debug.ERROR: name-debug-error-request {"request":"/coffecode/"} []
[2022-08-25T13:07:36.811066+00:00] name-debug.WARNING: name-debug-warning-host {"server":"localhost"} []
[2022-08-25T13:07:36.812259+00:00] name-debug.ERROR: name-debug-error-request {"request":"/coffecode/"} []
[2022-08-25T18:35:47.966231+00:00] name-debug.WARNING: name-debug-warning-host {"server":"localhost"} []
[2022-08-25T18:35:47.975818+00:00] name-debug.ERROR: name-debug-error-request {"request":"/coffecode/entrar"} []
[2022-08-25T18:35:49.500845+00:00] name-debug.WARNING: name-debug-warning-host {"server":"localhost"} []
[2022-08-25T18:35:49.502176+00:00] name-debug.ERROR: name-debug-error-request {"request":"/coffecode/entrar"} []
[2022-08-25T18:35:49.630888+00:00] name-debug.WARNING: name-debug-warning-host {"server":"localhost"} []
[2022-08-25T18:35:49.631831+00:00] name-debug.ERROR: name-debug-error-request {"request":"/coffecode/app"} []
[2022-08-25T18:44:25.858216+00:00] name-debug.WARNING: name-debug-warning-host {"server":"localhost"} []
[2022-08-25T18:44:25.861219+00:00] name-debug.ERROR: name-debug-error-request {"request":"/coffecode/entrar"} []
[2022-08-25T18:44:25.901815+00:00] name-debug.WARNING: name-debug-warning-host {"server":"localhost"} []
[2022-08-25T18:44:25.902770+00:00] name-debug.ERROR: name-debug-error-request {"request":"/coffecode/app"} []
[2022-08-31T16:19:46.048045+00:00] name-debug.WARNING: name-debug-warning-host {"server":"localhost"} []
[2022-08-31T16:19:46.069228+00:00] name-debug.ERROR: name-debug-error-request {"request":"/coffecode/"} []
[2022-10-13T12:16:29.291311+00:00] name-debug.WARNING: name-debug-warning-host {"server":"localhost"} []
[2022-10-13T12:16:29.310194+00:00] name-debug.ERROR: name-debug-error-request {"request":"/coffecode/themes/web/assets/script.js"} []
[2022-10-13T12:16:29.396811+00:00] name-debug.WARNING: name-debug-warning-host {"server":"localhost"} []
[2022-10-13T12:16:29.397564+00:00] name-debug.ERROR: name-debug-error-request {"request":"/coffecode/ops/404"} []
[2022-10-13T12:18:01.792601+00:00] name-debug.WARNING: name-debug-warning-host {"server":"localhost"} []
[2022-10-13T12:18:01.793389+00:00] name-debug.ERROR: name-debug-error-request {"request":"/coffecode/themes/web/assets/script.js"} []
[2022-10-13T12:18:01.808115+00:00] name-debug.WARNING: name-debug-warning-host {"server":"localhost"} []
[2022-10-13T12:18:01.808854+00:00] name-debug.ERROR: name-debug-error-request {"request":"/coffecode/ops/404"} []
[2022-10-13T12:18:04.254801+00:00] name-debug.WARNING: name-debug-warning-host {"server":"localhost"} []
[2022-10-13T12:18:04.255544+00:00] name-debug.ERROR: name-debug-error-request {"request":"/coffecode/themes/web/assets/script.js"} []
[2022-10-13T12:18:04.266027+00:00] name-debug.WARNING: name-debug-warning-host {"server":"localhost"} []
[2022-10-13T12:18:04.266747+00:00] name-debug.ERROR: name-debug-error-request {"request":"/coffecode/ops/404"} []
[2022-10-13T12:18:05.198485+00:00] name-debug.WARNING: name-debug-warning-host {"server":"localhost"} []
[2022-10-13T12:18:05.199356+00:00] name-debug.ERROR: name-debug-error-request {"request":"/coffecode/themes/web/assets/script.js"} []
[2022-10-13T12:18:05.222582+00:00] name-debug.WARNING: name-debug-warning-host {"server":"localhost"} []
[2022-10-13T12:18:05.223348+00:00] name-debug.ERROR: name-debug-error-request {"request":"/coffecode/ops/404"} []
[2022-10-13T12:18:05.426724+00:00] name-debug.WARNING: name-debug-warning-host {"server":"localhost"} []
[2022-10-13T12:18:05.427536+00:00] name-debug.ERROR: name-debug-error-request {"request":"/coffecode/themes/web/assets/script.js"} []
[2022-10-13T12:18:05.438974+00:00] name-debug.WARNING: name-debug-warning-host {"server":"localhost"} []
[2022-10-13T12:18:05.439715+00:00] name-debug.ERROR: name-debug-error-request {"request":"/coffecode/ops/404"} []
[2022-10-13T12:18:05.676016+00:00] name-debug.WARNING: name-debug-warning-host {"server":"localhost"} []
[2022-10-13T12:18:05.676966+00:00] name-debug.ERROR: name-debug-error-request {"request":"/coffecode/themes/web/assets/script.js"} []
[2022-10-13T12:18:05.688133+00:00] name-debug.WARNING: name-debug-warning-host {"server":"localhost"} []
[2022-10-13T12:18:05.688916+00:00] name-debug.ERROR: name-debug-error-request {"request":"/coffecode/ops/404"} []
[2022-10-13T12:19:16.694946+00:00] name-debug.WARNING: name-debug-warning-host {"server":"localhost"} []
[2022-10-13T12:19:16.696017+00:00] name-debug.ERROR: name-debug-error-request {"request":"/coffecode/themes/web/assets/script.js"} []
[2022-10-13T12:19:16.713126+00:00] name-debug.WARNING: name-debug-warning-host {"server":"localhost"} []
[2022-10-13T12:19:16.713908+00:00] name-debug.ERROR: name-debug-error-request {"request":"/coffecode/ops/404"} []
[2022-10-13T12:52:14.469825+00:00] name-debug.WARNING: name-debug-warning-host {"server":"localhost"} []
[2022-10-13T12:52:14.470751+00:00] name-debug.ERROR: name-debug-error-request {"request":"/coffecode/themes/web/assets/script.js"} []
[2022-10-13T12:52:14.494668+00:00] name-debug.WARNING: name-debug-warning-host {"server":"localhost"} []
[2022-10-13T12:52:14.495417+00:00] name-debug.ERROR: name-debug-error-request {"request":"/coffecode/ops/404"} []
[2022-10-13T13:02:50.722974+00:00] name-debug.WARNING: name-debug-warning-host {"server":"localhost"} []
[2022-10-13T13:02:50.724165+00:00] name-debug.ERROR: name-debug-error-request {"request":"/coffecode/ops/404"} []
[2022-10-13T13:02:50.724172+00:00] name-debug.ERROR: name-debug-error-request {"request":"/coffecode/ops/404"} []
[2022-10-13T13:02:50.724188+00:00] name-debug.ERROR: name-debug-error-request {"request":"/coffecode/ops/404"} []
[2022-10-13T13:02:50.723890+00:00] name-debug.WARNING: name-debug-warning-host {"server":"localhost"} []
[2022-10-13T13:02:50.724730+00:00] name-debug.ERROR: name-debug-error-request {"request":"/coffecode/ops/404"} []
[2022-10-13T13:02:50.724956+00:00] name-debug.WARNING: name-debug-warning-host {"server":"localhost"} []
[2022-10-13T13:02:50.725816+00:00] name-debug.ERROR: name-debug-error-request {"request":"/coffecode/ops/404"} []
[2022-10-13T13:02:50.725032+00:00] name-debug.WARNING: name-debug-warning-host {"server":"localhost"} []
[2022-10-13T13:02:50.725898+00:00] name-debug.ERROR: name-debug-error-request {"request":"/coffecode/ops/404"} []
[2022-10-13T13:02:50.742744+00:00] name-debug.WARNING: name-debug-warning-host {"server":"localhost"} []
[2022-10-13T13:02:50.743666+00:00] name-debug.ERROR: name-debug-error-request {"request":"/coffecode/ops/404"} []
[2022-10-13T13:02:50.749018+00:00] name-debug.WARNING: name-debug-warning-host {"server":"localhost"} []
[2022-10-13T13:02:50.749773+00:00] name-debug.ERROR: name-debug-error-request {"request":"/coffecode/ops/404"} []
[2022-10-13T13:02:50.757492+00:00] name-debug.WARNING: name-debug-warning-host {"server":"localhost"} []
[2022-10-13T13:02:50.758222+00:00] name-debug.ERROR: name-debug-error-request {"request":"/coffecode/ops/404"} []
[2022-10-13T13:02:50.765126+00:00] name-debug.WARNING: name-debug-warning-host {"server":"localhost"} []
[2022-10-13T13:02:50.765962+00:00] name-debug.ERROR: name-debug-error-request {"request":"/coffecode/ops/404"} []
[2022-10-13T13:02:50.804380+00:00] name-debug.WARNING: name-debug-warning-host {"server":"localhost"} []
[2022-10-13T13:02:50.805126+00:00] name-debug.ERROR: name-debug-error-request {"request":"/coffecode/ops/404"} []
[2022-10-13T13:02:50.804911+00:00] name-debug.WARNING: name-debug-warning-host {"server":"localhost"} []
[2022-10-13T13:02:50.805811+00:00] name-debug.ERROR: name-debug-error-request {"request":"/coffecode/ops/404"} []
[2022-10-13T13:02:50.805251+00:00] name-debug.WARNING: name-debug-warning-host {"server":"localhost"} []
[2022-10-13T13:02:50.805967+00:00] name-debug.ERROR: name-debug-error-request {"request":"/coffecode/ops/404"} []
[2022-10-13T13:02:50.805422+00:00] name-debug.WARNING: name-debug-warning-host {"server":"localhost"} []
[2022-10-13T13:02:50.806177+00:00] name-debug.ERROR: name-debug-error-request {"request":"/coffecode/ops/404"} []
[2022-10-13T13:02:50.808375+00:00] name-debug.WARNING: name-debug-warning-host {"server":"localhost"} []
[2022-10-13T13:02:50.809057+00:00] name-debug.ERROR: name-debug-error-request {"request":"/coffecode/ops/404"} []
[2022-10-13T13:02:50.821995+00:00] name-debug.WARNING: name-debug-warning-host {"server":"localhost"} []
[2022-10-13T13:02:50.822700+00:00] name-debug.ERROR: name-debug-error-request {"request":"/coffecode/ops/404"} []
[2022-10-13T13:02:50.846086+00:00] name-debug.WARNING: name-debug-warning-host {"server":"localhost"} []
[2022-10-13T13:02:50.846855+00:00] name-debug.ERROR: name-debug-error-request {"request":"/coffecode/ops/404"} []
[2022-10-13T13:02:50.853023+00:00] name-debug.WARNING: name-debug-warning-host {"server":"localhost"} []
[2022-10-13T13:02:50.853743+00:00] name-debug.ERROR: name-debug-error-request {"request":"/coffecode/ops/404"} []
[2022-10-13T13:02:50.853233+00:00] name-debug.WARNING: name-debug-warning-host {"server":"localhost"} []
[2022-10-13T13:02:50.853965+00:00] name-debug.ERROR: name-debug-error-request {"request":"/coffecode/ops/404"} []
[2022-10-13T13:02:50.853477+00:00] name-debug.WARNING: name-debug-warning-host {"server":"localhost"} []
[2022-10-13T13:02:50.854174+00:00] name-debug.ERROR: name-debug-error-request {"request":"/coffecode/ops/404"} []
[2022-10-13T13:02:50.857279+00:00] name-debug.WARNING: name-debug-warning-host {"server":"localhost"} []
[2022-10-13T13:02:50.857972+00:00] name-debug.ERROR: name-debug-error-request {"request":"/coffecode/ops/404"} []
[2022-10-13T13:02:50.881319+00:00] name-debug.WARNING: name-debug-warning-host {"server":"localhost"} []
[2022-10-13T13:02:50.882057+00:00] name-debug.ERROR: name-debug-error-request {"request":"/coffecode/ops/404"} []
[2022-10-13T13:02:50.887787+00:00] name-debug.WARNING: name-debug-warning-host {"server":"localhost"} []
[2022-10-13T13:02:50.888481+00:00] name-debug.ERROR: name-debug-error-request {"request":"/coffecode/ops/404"} []
[2022-10-13T13:02:50.887896+00:00] name-debug.WARNING: name-debug-warning-host {"server":"localhost"} []
[2022-10-13T13:02:50.888585+00:00] name-debug.ERROR: name-debug-error-request {"request":"/coffecode/ops/404"} []
[2022-10-13T13:02:50.937339+00:00] name-debug.WARNING: name-debug-warning-host {"server":"localhost"} []
[2022-10-13T13:02:50.938061+00:00] name-debug.ERROR: name-debug-error-request {"request":"/coffecode/ops/404"} []
[2022-10-13T13:03:42.143289+00:00] name-debug.WARNING: name-debug-warning-host {"server":"localhost"} []
[2022-10-13T13:03:42.143309+00:00] name-debug.WARNING: name-debug-warning-host {"server":"localhost"} []
[2022-10-13T13:03:42.144357+00:00] name-debug.ERROR: name-debug-error-request {"request":"/coffecode/themes/web/assets/css/fontawesome.css"} []
[2022-10-13T13:03:42.144385+00:00] name-debug.ERROR: name-debug-error-request {"request":"/coffecode/themes/web/assets/css/bootstrap.min.css"} []
[2022-10-13T13:03:42.144088+00:00] name-debug.WARNING: name-debug-warning-host {"server":"localhost"} []
[2022-10-13T13:03:42.144953+00:00] name-debug.ERROR: name-debug-error-request {"request":"/coffecode/themes/web/assets/css/slick.css"} []
[2022-10-13T13:03:42.144221+00:00] name-debug.WARNING: name-debug-warning-host {"server":"localhost"} []
[2022-10-13T13:03:42.145050+00:00] name-debug.ERROR: name-debug-error-request {"request":"/coffecode/themes/web/assets/css/jQueryUi.min.css"} []
[2022-10-13T13:03:42.145340+00:00] name-debug.WARNING: name-debug-warning-host {"server":"localhost"} []
[2022-10-13T13:03:42.146239+00:00] name-debug.ERROR: name-debug-error-request {"request":"/coffecode/themes/web/assets/css/animate.css"} []
[2022-10-13T13:03:42.145671+00:00] name-debug.WARNING: name-debug-warning-host {"server":"localhost"} []
[2022-10-13T13:03:42.146615+00:00] name-debug.ERROR: name-debug-error-request {"request":"/coffecode/themes/web/assets/css/lightgallery.min.css"} []
[2022-10-13T13:03:42.171235+00:00] name-debug.WARNING: name-debug-warning-host {"server":"localhost"} []
[2022-10-13T13:03:42.171991+00:00] name-debug.ERROR: name-debug-error-request {"request":"/coffecode/ops/404"} []
[2022-10-13T13:03:42.171371+00:00] name-debug.WARNING: name-debug-warning-host {"server":"localhost"} []
[2022-10-13T13:03:42.172081+00:00] name-debug.ERROR: name-debug-error-request {"request":"/coffecode/themes/web/assets/css/style.css"} []
[2022-10-13T13:03:42.171588+00:00] name-debug.WARNING: name-debug-warning-host {"server":"localhost"} []
[2022-10-13T13:03:42.172362+00:00] name-debug.ERROR: name-debug-error-request {"request":"/coffecode/themes/web/assets/css/select2.min.css"} []
[2022-10-13T13:03:42.171644+00:00] name-debug.WARNING: name-debug-warning-host {"server":"localhost"} []
[2022-10-13T13:03:42.171580+00:00] name-debug.WARNING: name-debug-warning-host {"server":"localhost"} []
[2022-10-13T13:03:42.172446+00:00] name-debug.ERROR: name-debug-error-request {"request":"/coffecode/themes/web/assets/js/vendor/modernizr-3.5.0.min.js"} []
[2022-10-13T13:03:42.172470+00:00] name-debug.ERROR: name-debug-error-request {"request":"/coffecode/themes/web/assets/css/textRotate.css"} []
[2022-10-13T13:03:42.172497+00:00] name-debug.ERROR: name-debug-error-request {"request":"/coffecode/ops/404"} []
[2022-10-13T13:03:42.182947+00:00] name-debug.WARNING: name-debug-warning-host {"server":"localhost"} []
[2022-10-13T13:03:42.183924+00:00] name-debug.ERROR: name-debug-error-request {"request":"/coffecode/ops/404"} []
[2022-10-13T13:03:42.189520+00:00] name-debug.WARNING: name-debug-warning-host {"server":"localhost"} []
[2022-10-13T13:03:42.190237+00:00] name-debug.ERROR: name-debug-error-request {"request":"/coffecode/ops/404"} []
[2022-10-13T13:03:42.190939+00:00] name-debug.WARNING: name-debug-warning-host {"server":"localhost"} []
[2022-10-13T13:03:42.191693+00:00] name-debug.ERROR: name-debug-error-request {"request":"/coffecode/ops/404"} []
[2022-10-13T13:03:42.191005+00:00] name-debug.WARNING: name-debug-warning-host {"server":"localhost"} []
[2022-10-13T13:03:42.191745+00:00] name-debug.ERROR: name-debug-error-request {"request":"/coffecode/ops/404"} []
[2022-10-13T13:03:42.191106+00:00] name-debug.WARNING: name-debug-warning-host {"server":"localhost"} []
[2022-10-13T13:03:42.191873+00:00] name-debug.ERROR: name-debug-error-request {"request":"/coffecode/ops/404"} []
[2022-10-13T13:03:42.197729+00:00] name-debug.WARNING: name-debug-warning-host {"server":"localhost"} []
[2022-10-13T13:03:42.198443+00:00] name-debug.ERROR: name-debug-error-request {"request":"/coffecode/ops/404"} []
[2022-10-13T13:03:42.203023+00:00] name-debug.WARNING: name-debug-warning-host {"server":"localhost"} []
[2022-10-13T13:03:42.203723+00:00] name-debug.ERROR: name-debug-error-request {"request":"/coffecode/ops/404"} []
[2022-10-13T13:03:42.208408+00:00] name-debug.WARNING: name-debug-warning-host {"server":"localhost"} []
[2022-10-13T13:03:42.209163+00:00] name-debug.ERROR: name-debug-error-request {"request":"/coffecode/ops/404"} []
[2022-10-13T13:03:42.215147+00:00] name-debug.WARNING: name-debug-warning-host {"server":"localhost"} []
[2022-10-13T13:03:42.215864+00:00] name-debug.ERROR: name-debug-error-request {"request":"/coffecode/themes/web/assets/js/vendor/jquery-1.12.4.min.js"} []
[2022-10-13T13:03:42.220860+00:00] name-debug.WARNING: name-debug-warning-host {"server":"localhost"} []
[2022-10-13T13:03:42.221597+00:00] name-debug.ERROR: name-debug-error-request {"request":"/coffecode/themes/web/assets/js/isotope.pkg.min.js"} []
[2022-10-13T13:03:42.228427+00:00] name-debug.WARNING: name-debug-warning-host {"server":"localhost"} []
[2022-10-13T13:03:42.229148+00:00] name-debug.ERROR: name-debug-error-request {"request":"/coffecode/themes/web/assets/js/jquery.slick.min.js"} []
[2022-10-13T13:03:42.233814+00:00] name-debug.WARNING: name-debug-warning-host {"server":"localhost"} []
[2022-10-13T13:03:42.234834+00:00] name-debug.ERROR: name-debug-error-request {"request":"/coffecode/themes/web/assets/js/mailchimp.min.js"} []
[2022-10-13T13:03:42.240498+00:00] name-debug.WARNING: name-debug-warning-host {"server":"localhost"} []
[2022-10-13T13:03:42.241284+00:00] name-debug.ERROR: name-debug-error-request {"request":"/coffecode/themes/web/assets/js/counter.min.js"} []
[2022-10-13T13:03:42.246406+00:00] name-debug.WARNING: name-debug-warning-host {"server":"localhost"} []
[2022-10-13T13:03:42.247150+00:00] name-debug.ERROR: name-debug-error-request {"request":"/coffecode/themes/web/assets/js/lightgallery.min.js"} []
[2022-10-13T13:03:42.248244+00:00] name-debug.WARNING: name-debug-warning-host {"server":"localhost"} []
[2022-10-13T13:03:42.249179+00:00] name-debug.ERROR: name-debug-error-request {"request":"/coffecode/ops/404"} []
[2022-10-13T13:03:42.249220+00:00] name-debug.ERROR: name-debug-error-request {"request":"/coffecode/ops/404"} []
[2022-10-13T13:03:42.248594+00:00] name-debug.WARNING: name-debug-warning-host {"server":"localhost"} []
[2022-10-13T13:03:42.249693+00:00] name-debug.ERROR: name-debug-error-request {"request":"/coffecode/ops/404"} []
[2022-10-13T13:03:42.249702+00:00] name-debug.ERROR: name-debug-error-request {"request":"/coffecode/ops/404"} []
[2022-10-13T13:03:42.253865+00:00] name-debug.WARNING: name-debug-warning-host {"server":"localhost"} []
[2022-10-13T13:03:42.254669+00:00] name-debug.ERROR: name-debug-error-request {"request":"/coffecode/ops/404"} []
[2022-10-13T13:03:42.261028+00:00] name-debug.WARNING: name-debug-warning-host {"server":"localhost"} []
[2022-10-13T13:03:42.261784+00:00] name-debug.ERROR: name-debug-error-request {"request":"/coffecode/ops/404"} []
[2022-10-13T13:03:42.266962+00:00] name-debug.WARNING: name-debug-warning-host {"server":"localhost"} []
[2022-10-13T13:03:42.267652+00:00] name-debug.ERROR: name-debug-error-request {"request":"/coffecode/themes/web/assets/js/ripples.min.js"} []
[2022-10-13T13:03:42.271685+00:00] name-debug.WARNING: name-debug-warning-host {"server":"localhost"} []
[2022-10-13T13:03:42.272858+00:00] name-debug.ERROR: name-debug-error-request {"request":"/coffecode/themes/web/assets/js/wow.min.js"} []
[2022-10-13T13:03:42.277452+00:00] name-debug.WARNING: name-debug-warning-host {"server":"localhost"} []
[2022-10-13T13:03:42.278160+00:00] name-debug.ERROR: name-debug-error-request {"request":"/coffecode/themes/web/assets/js/jQueryUi.js"} []
[2022-10-13T13:03:42.282948+00:00] name-debug.WARNING: name-debug-warning-host {"server":"localhost"} []
[2022-10-13T13:03:42.283666+00:00] name-debug.ERROR: name-debug-error-request {"request":"/coffecode/themes/web/assets/js/textRotate.min.js"} []
[2022-10-13T13:03:42.288152+00:00] name-debug.WARNING: name-debug-warning-host {"server":"localhost"} []
[2022-10-13T13:03:42.289084+00:00] name-debug.ERROR: name-debug-error-request {"request":"/coffecode/themes/web/assets/js/select2.min.js"} []
[2022-10-13T13:03:42.294915+00:00] name-debug.WARNING: name-debug-warning-host {"server":"localhost"} []
[2022-10-13T13:03:42.295639+00:00] name-debug.ERROR: name-debug-error-request {"request":"/coffecode/themes/web/assets/js/main.js"} []
[2022-10-13T13:03:42.295823+00:00] name-debug.WARNING: name-debug-warning-host {"server":"localhost"} []
[2022-10-13T13:03:42.296536+00:00] name-debug.ERROR: name-debug-error-request {"request":"/coffecode/ops/404"} []
[2022-10-13T13:03:42.296661+00:00] name-debug.WARNING: name-debug-warning-host {"server":"localhost"} []
[2022-10-13T13:03:42.297339+00:00] name-debug.ERROR: name-debug-error-request {"request":"/coffecode/ops/404"} []
[2022-10-13T13:03:42.297108+00:00] name-debug.WARNING: name-debug-warning-host {"server":"localhost"} []
[2022-10-13T13:03:42.297788+00:00] name-debug.ERROR: name-debug-error-request {"request":"/coffecode/ops/404"} []
[2022-10-13T13:03:42.297178+00:00] name-debug.WARNING: name-debug-warning-host {"server":"localhost"} []
[2022-10-13T13:03:42.297860+00:00] name-debug.ERROR: name-debug-error-request {"request":"/coffecode/ops/404"} []
[2022-10-13T13:03:42.299801+00:00] name-debug.WARNING: name-debug-warning-host {"server":"localhost"} []
[2022-10-13T13:03:42.300585+00:00] name-debug.ERROR: name-debug-error-request {"request":"/coffecode/ops/404"} []
[2022-10-13T13:03:42.306156+00:00] name-debug.WARNING: name-debug-warning-host {"server":"localhost"} []
[2022-10-13T13:03:42.306876+00:00] name-debug.ERROR: name-debug-error-request {"request":"/coffecode/ops/404"} []
[2022-10-13T13:03:42.344264+00:00] name-debug.WARNING: name-debug-warning-host {"server":"localhost"} []
[2022-10-13T13:03:42.345000+00:00] name-debug.ERROR: name-debug-error-request {"request":"/coffecode/ops/404"} []
[2022-10-13T13:03:42.344571+00:00] name-debug.WARNING: name-debug-warning-host {"server":"localhost"} []
[2022-10-13T13:03:42.345253+00:00] name-debug.ERROR: name-debug-error-request {"request":"/coffecode/ops/404"} []
[2022-10-13T13:03:42.381335+00:00] name-debug.WARNING: name-debug-warning-host {"server":"localhost"} []
[2022-10-13T13:03:42.382193+00:00] name-debug.ERROR: name-debug-error-request {"request":"/coffecode/themes/web/assets/img/favicon.png"} []
[2022-10-13T13:03:42.393892+00:00] name-debug.WARNING: name-debug-warning-host {"server":"localhost"} []
[2022-10-13T13:03:42.394626+00:00] name-debug.ERROR: name-debug-error-request {"request":"/coffecode/ops/404"} []
[2022-10-13T13:03:46.325147+00:00] name-debug.WARNING: name-debug-warning-host {"server":"localhost"} []
[2022-10-13T13:03:46.326200+00:00] name-debug.ERROR: name-debug-error-request {"request":"/coffecode/themes/web/assets/css/bootstrap.min.css"} []
[2022-10-13T13:03:46.325965+00:00] name-debug.WARNING: name-debug-warning-host {"server":"localhost"} []
[2022-10-13T13:03:46.326949+00:00] name-debug.ERROR: name-debug-error-request {"request":"/coffecode/themes/web/assets/css/lightgallery.min.css"} []
[2022-10-13T13:03:46.326191+00:00] name-debug.WARNING: name-debug-warning-host {"server":"localhost"} []
[2022-10-13T13:03:46.327129+00:00] name-debug.ERROR: name-debug-error-request {"request":"/coffecode/themes/web/assets/css/slick.css"} []
[2022-10-13T13:03:46.326347+00:00] name-debug.WARNING: name-debug-warning-host {"server":"localhost"} []
[2022-10-13T13:03:46.327258+00:00] name-debug.ERROR: name-debug-error-request {"request":"/coffecode/themes/web/assets/css/jQueryUi.min.css"} []
[2022-10-13T13:03:46.326490+00:00] name-debug.WARNING: name-debug-warning-host {"server":"localhost"} []
[2022-10-13T13:03:46.327467+00:00] name-debug.ERROR: name-debug-error-request {"request":"/coffecode/themes/web/assets/css/fontawesome.css"} []
[2022-10-13T13:03:46.326727+00:00] name-debug.WARNING: name-debug-warning-host {"server":"localhost"} []
[2022-10-13T13:03:46.327680+00:00] name-debug.ERROR: name-debug-error-request {"request":"/coffecode/themes/web/assets/css/animate.css"} []
[2022-10-13T13:03:46.352163+00:00] name-debug.WARNING: name-debug-warning-host {"server":"localhost"} []
[2022-10-13T13:03:46.353139+00:00] name-debug.ERROR: name-debug-error-request {"request":"/coffecode/themes/web/assets/css/select2.min.css"} []
[2022-10-13T13:03:46.352237+00:00] name-debug.WARNING: name-debug-warning-host {"server":"localhost"} []
[2022-10-13T13:03:46.353279+00:00] name-debug.ERROR: name-debug-error-request {"request":"/coffecode/themes/web/assets/js/vendor/modernizr-3.5.0.min.js"} []
[2022-10-13T13:03:46.353317+00:00] name-debug.ERROR: name-debug-error-request {"request":"/coffecode/themes/web/assets/css/textRotate.css"} []
[2022-10-13T13:03:46.352510+00:00] name-debug.WARNING: name-debug-warning-host {"server":"localhost"} []
[2022-10-13T13:03:46.353430+00:00] name-debug.ERROR: name-debug-error-request {"request":"/coffecode/themes/web/assets/css/style.css"} []
[2022-10-13T13:03:46.352674+00:00] name-debug.WARNING: name-debug-warning-host {"server":"localhost"} []
[2022-10-13T13:03:46.352683+00:00] name-debug.WARNING: name-debug-warning-host {"server":"localhost"} []
404"} []
[2022-10-13T13:03:46.353558+00:00] name-debug.ERROR: name-debug-error-request {"request":"/coffecode/ops/404"} []
[2022-10-13T13:03:46.364523+00:00] name-debug.WARNING: name-debug-warning-host {"server":"localhost"} []
[2022-10-13T13:03:46.365265+00:00] name-debug.ERROR: name-debug-error-request {"request":"/coffecode/ops/404"} []
[2022-10-13T13:03:46.364612+00:00] name-debug.WARNING: name-debug-warning-host {"server":"localhost"} []
[2022-10-13T13:03:46.365333+00:00] name-debug.ERROR: name-debug-error-request {"request":"/coffecode/ops/404"} []
[2022-10-13T13:03:46.365427+00:00] name-debug.WARNING: name-debug-warning-host {"server":"localhost"} []
[2022-10-13T13:03:46.365602+00:00] name-debug.WARNING: name-debug-warning-host {"server":"localhost"} []
[2022-10-13T13:03:46.366314+00:00] name-debug.ERROR: name-debug-error-request {"request":"/coffecode/ops/404"} []
[2022-10-13T13:03:46.373593+00:00] name-debug.WARNING: name-debug-warning-host {"server":"localhost"} []
[2022-10-13T13:03:46.374331+00:00] name-debug.ERROR: name-debug-error-request {"request":"/coffecode/ops/404"} []
[2022-10-13T13:03:46.376563+00:00] name-debug.WARNING: name-debug-warning-host {"server":"localhost"} []
[2022-10-13T13:03:46.377317+00:00] name-debug.ERROR: name-debug-error-request {"request":"/coffecode/ops/404"} []
[2022-10-13T13:03:46.383399+00:00] name-debug.WARNING: name-debug-warning-host {"server":"localhost"} []
[2022-10-13T13:03:46.384179+00:00] name-debug.ERROR: name-debug-error-request {"request":"/coffecode/ops/404"} []
[2022-10-13T13:03:46.387880+00:00] name-debug.WARNING: name-debug-warning-host {"server":"localhost"} []
[2022-10-13T13:03:46.388674+00:00] name-debug.ERROR: name-debug-error-request {"request":"/coffecode/ops/404"} []
[2022-10-13T13:03:46.394885+00:00] name-debug.WARNING: name-debug-warning-host {"server":"localhost"} []
[2022-10-13T13:03:46.395626+00:00] name-debug.ERROR: name-debug-error-request {"request":"/coffecode/themes/web/assets/js/vendor/jquery-1.12.4.min.js"} []
[2022-10-13T13:03:46.400395+00:00] name-debug.WARNING: name-debug-warning-host {"server":"localhost"} []
[2022-10-13T13:03:46.401120+00:00] name-debug.ERROR: name-debug-error-request {"request":"/coffecode/themes/web/assets/js/isotope.pkg.min.js"} []
[2022-10-13T13:03:46.406828+00:00] name-debug.WARNING: name-debug-warning-host {"server":"localhost"} []
[2022-10-13T13:03:46.407587+00:00] name-debug.ERROR: name-debug-error-request {"request":"/coffecode/themes/web/assets/js/jquery.slick.min.js"} []
[2022-10-13T13:03:46.411801+00:00] name-debug.WARNING: name-debug-warning-host {"server":"localhost"} []
[2022-10-13T13:03:46.412496+00:00] name-debug.ERROR: name-debug-error-request {"request":"/coffecode/themes/web/assets/js/mailchimp.min.js"} []
[2022-10-13T13:03:46.417021+00:00] name-debug.WARNING: name-debug-warning-host {"server":"localhost"} []
[2022-10-13T13:03:46.417783+00:00] name-debug.ERROR: name-debug-error-request {"request":"/coffecode/themes/web/assets/js/counter.min.js"} []
[2022-10-13T13:03:46.426066+00:00] name-debug.WARNING: name-debug-warning-host {"server":"localhost"} []
[2022-10-13T13:03:46.426819+00:00] name-debug.ERROR: name-debug-error-request {"request":"/coffecode/themes/web/assets/js/lightgallery.min.js"} []
[2022-10-13T13:03:46.428025+00:00] name-debug.WARNING: name-debug-warning-host {"server":"localhost"} []
[2022-10-13T13:03:46.428729+00:00] name-debug.ERROR: name-debug-error-request {"request":"/coffecode/ops/404"} []
[2022-10-13T13:03:46.428760+00:00] name-debug.WARNING: name-debug-warning-host {"server":"localhost"} []
[2022-10-13T13:03:46.429470+00:00] name-debug.ERROR: name-debug-error-request {"request":"/coffecode/ops/404"} []
[2022-10-13T13:03:46.428769+00:00] name-debug.WARNING: name-debug-warning-host {"server":"localhost"} []
[2022-10-13T13:03:46.429526+00:00] name-debug.ERROR: name-debug-error-request {"request":"/coffecode/ops/404"} []
[2022-10-13T13:03:46.429216+00:00] name-debug.WARNING: name-debug-warning-host {"server":"localhost"} []
[2022-10-13T13:03:46.429908+00:00] name-debug.ERROR: name-debug-error-request {"request":"/coffecode/ops/404"} []
[2022-10-13T13:03:46.429319+00:00] name-debug.WARNING: name-debug-warning-host {"server":"localhost"} []
[2022-10-13T13:03:46.430005+00:00] name-debug.ERROR: name-debug-error-request {"request":"/coffecode/ops/404"} []
[2022-10-13T13:03:46.437789+00:00] name-debug.WARNING: name-debug-warning-host {"server":"localhost"} []
[2022-10-13T13:03:46.438534+00:00] name-debug.ERROR: name-debug-error-request {"request":"/coffecode/ops/404"} []
[2022-10-13T13:03:46.444096+00:00] name-debug.WARNING: name-debug-warning-host {"server":"localhost"} []
[2022-10-13T13:03:46.444774+00:00] name-debug.ERROR: name-debug-error-request {"request":"/coffecode/themes/web/assets/js/ripples.min.js"} []
[2022-10-13T13:03:46.449057+00:00] name-debug.WARNING: name-debug-warning-host {"server":"localhost"} []
[2022-10-13T13:03:46.449732+00:00] name-debug.ERROR: name-debug-error-request {"request":"/coffecode/themes/web/assets/js/wow.min.js"} []
[2022-10-13T13:03:46.454698+00:00] name-debug.WARNING: name-debug-warning-host {"server":"localhost"} []
[2022-10-13T13:03:46.455421+00:00] name-debug.ERROR: name-debug-error-request {"request":"/coffecode/themes/web/assets/js/jQueryUi.js"} []
[2022-10-13T13:03:46.460672+00:00] name-debug.WARNING: name-debug-warning-host {"server":"localhost"} []
[2022-10-13T13:03:46.461386+00:00] name-debug.ERROR: name-debug-error-request {"request":"/coffecode/themes/web/assets/js/textRotate.min.js"} []
[2022-10-13T13:03:46.466699+00:00] name-debug.WARNING: name-debug-warning-host {"server":"localhost"} []
[2022-10-13T13:03:46.467515+00:00] name-debug.ERROR: name-debug-error-request {"request":"/coffecode/themes/web/assets/js/select2.min.js"} []
[2022-10-13T13:03:46.472056+00:00] name-debug.WARNING: name-debug-warning-host {"server":"localhost"} []
[2022-10-13T13:03:46.472847+00:00] name-debug.ERROR: name-debug-error-request {"request":"/coffecode/themes/web/assets/js/main.js"} []
[2022-10-13T13:03:46.473241+00:00] name-debug.WARNING: name-debug-warning-host {"server":"localhost"} []
[2022-10-13T13:03:46.473965+00:00] name-debug.ERROR: name-debug-error-request {"request":"/coffecode/ops/404"} []
[2022-10-13T13:03:46.473616+00:00] name-debug.WARNING: name-debug-warning-host {"server":"localhost"} []
[2022-10-13T13:03:46.474306+00:00] name-debug.ERROR: name-debug-error-request {"request":"/coffecode/ops/404"} []
[2022-10-13T13:03:46.473961+00:00] name-debug.WARNING: name-debug-warning-host {"server":"localhost"} []
[2022-10-13T13:03:46.474688+00:00] name-debug.ERROR: name-debug-error-request {"request":"/coffecode/ops/404"} []
[2022-10-13T13:03:46.474149+00:00] name-debug.WARNING: name-debug-warning-host {"server":"localhost"} []
[2022-10-13T13:03:46.474838+00:00] name-debug.ERROR: name-debug-error-request {"request":"/coffecode/ops/404"} []
[2022-10-13T13:03:46.478776+00:00] name-debug.WARNING: name-debug-warning-host {"server":"localhost"} []
[2022-10-13T13:03:46.479475+00:00] name-debug.ERROR: name-debug-error-request {"request":"/coffecode/ops/404"} []
[2022-10-13T13:03:46.483348+00:00] name-debug.WARNING: name-debug-warning-host {"server":"localhost"} []
[2022-10-13T13:03:46.484076+00:00] name-debug.ERROR: name-debug-error-request {"request":"/coffecode/ops/404"} []
[2022-10-13T13:03:46.519482+00:00] name-debug.WARNING: name-debug-warning-host {"server":"localhost"} []
[2022-10-13T13:03:46.520373+00:00] name-debug.ERROR: name-debug-error-request {"request":"/coffecode/ops/404"} []
[2022-10-13T13:03:46.520379+00:00] name-debug.ERROR: name-debug-error-request {"request":"/coffecode/ops/404"} []
[2022-10-13T13:03:46.555834+00:00] name-debug.WARNING: name-debug-warning-host {"server":"localhost"} []
[2022-10-13T13:03:46.556603+00:00] name-debug.ERROR: name-debug-error-request {"request":"/coffecode/themes/web/assets/img/favicon.png"} []
[2022-10-13T13:03:46.567824+00:00] name-debug.WARNING: name-debug-warning-host {"server":"localhost"} []
[2022-10-13T13:03:46.568536+00:00] name-debug.ERROR: name-debug-error-request {"request":"/coffecode/ops/404"} []
[2022-12-08T12:45:42.577802+00:00] name-debug.WARNING: name-debug-warning-host {"server":"localhost"} []
[2022-12-08T12:45:42.588741+00:00] name-debug.ERROR: name-debug-error-request {"request":"/coffecode/ops/404"} []
[2022-12-08T12:45:43.826730+00:00] name-debug.WARNING: name-debug-warning-host {"server":"localhost"} []
[2022-12-08T12:45:43.827640+00:00] name-debug.ERROR: name-debug-error-request {"request":"/coffecode/"} []
[2022-12-08T12:50:46.044917+00:00] name-debug.WARNING: name-debug-warning-host {"server":"localhost"} []
[2022-12-08T12:50:46.045821+00:00] name-debug.ERROR: name-debug-error-request {"request":"/coffecode/"} []
[2022-12-08T12:50:56.823661+00:00] name-debug.WARNING: name-debug-warning-host {"server":"localhost"} []
[2022-12-08T12:50:56.824523+00:00] name-debug.ERROR: name-debug-error-request {"request":"/coffecode/ops/404"} []
